\BOOKMARK [1][-]{section.1}{\376\377\122\115\212\000}{}% 1
\BOOKMARK [1][-]{section.2}{\376\377\173\054\116\000\172\340\124\214\173\054\116\214\172\340}{}% 2
\BOOKMARK [2][-]{subsection.2.1}{\376\377\151\202\163\207\124\214\116\213\116\366}{section.2}% 3
\BOOKMARK [2][-]{subsection.2.2}{\376\377\123\344\121\170\151\202\127\213}{section.2}% 4
\BOOKMARK [3][-]{subsubsection.2.2.1}{\376\377\142\275\116\034\211\177}{subsection.2.2}% 5
\BOOKMARK [3][-]{subsubsection.2.2.2}{\376\377\136\163\127\107\122\006\176\304}{subsection.2.2}% 6
\BOOKMARK [2][-]{subsection.2.3}{\376\377\147\141\116\366\151\202\163\207\124\214\000t\000o\000t\000a\000l\000\040\000p\000r\000o\000b\000a\000b\000i\000l\000i\000t\000y\000\040\000f\000o\000r\000m\000u\000a\000l\000\040\000a\000n\000d\000\040\000B\000a\000y\000e\000s\000\040\000f\000o\000r\000m\000u\000l\000a}{section.2}% 7
\BOOKMARK [3][-]{subsubsection.2.3.1}{\376\377\116\000\116\233\122\006\136\003}{subsection.2.3}% 8
\BOOKMARK [1][-]{section.3}{\376\377\226\217\147\072\123\330\221\317\124\214\116\000\116\233\151\202\137\365}{}% 9
\BOOKMARK [2][-]{subsection.3.1}{\376\377\000r\000a\000n\000d\000o\000m\000\040\000v\000a\000r\000i\000a\000b\000l\000e}{section.3}% 10
\BOOKMARK [3][-]{subsubsection.3.1.1}{\376\377\000t\000h\000e\000\040\000d\000e\000f\000i\000n\000i\000t\000i\000o\000n\000\040\000o\000f\000\040\000r\000a\000n\000d\000o\000m\000\040\000v\000a\000r\000i\000a\000b\000l\000e\000s}{subsection.3.1}% 11
\BOOKMARK [3][-]{subsubsection.3.1.2}{\376\377\122\006\136\003\121\375\145\160}{subsection.3.1}% 12
\BOOKMARK [3][-]{subsubsection.3.1.3}{\376\377\122\006\174\173}{subsection.3.1}% 13
\BOOKMARK [2][-]{subsection.3.2}{\376\377\221\315\211\201\166\204\122\006\136\003\121\375\145\160}{section.3}% 14
\BOOKMARK [3][-]{subsubsection.3.2.1}{\376\377\153\143\140\001\122\006\136\003\000\040\000a\000n\000d\000\040\150\007\121\306\123\026\226\217\147\072\123\330\221\317}{subsection.3.2}% 15
\BOOKMARK [3][-]{subsubsection.3.2.2}{\376\377\143\007\145\160\122\006\136\003}{subsection.3.2}% 16
\BOOKMARK [2][-]{subsection.3.3}{\376\377\226\217\147\072\123\330\221\317\116\113\225\364\166\204\217\320\173\227}{section.3}% 17
\BOOKMARK [2][-]{subsection.3.4}{\376\377\147\037\147\033\124\214\145\271\135\356}{section.3}% 18
\BOOKMARK [1][-]{section.4}{\376\377\226\217\147\072\124\021\221\317}{}% 19
\BOOKMARK [2][-]{subsection.4.1}{\376\377\131\175\120\317\116\137\154\241\116\300\116\110\131\175\213\262\166\204}{section.4}% 20
\BOOKMARK [2][-]{subsection.4.2}{\376\377\000j\000o\000i\000n\000t\000\040\000d\000i\000s\000t\000r\000i\000b\000u\000t\000i\000o\000n\000\040\000f\000u\000n\000c\000t\000i\000o\000n\000\040\000a\000n\000d\000\040\000m\000a\000r\000g\000i\000n\000a\000l\000\040\000d\000i\000s\000t\000r\000i\000b\000u\000t\000i\000o\000n}{section.4}% 21
\BOOKMARK [2][-]{subsection.4.3}{\376\377\162\354\172\313\140\047\124\214\226\217\147\072\124\021\221\317}{section.4}% 22
\BOOKMARK [2][-]{subsection.4.4}{\376\377\116\214\176\364\153\143\140\001\122\006\136\003}{section.4}% 23
\BOOKMARK [2][-]{subsection.4.5}{\376\377\154\102\211\343\137\142\131\202\000\040\000g\000\040\000\050\000X\000,\000\040\000Y\000\051\000\040\166\204\122\006\136\003}{section.4}% 24
\BOOKMARK [3][-]{subsubsection.4.5.1}{\376\377\154\102\211\343\000r\000.\000v\000.\000\040\124\214\166\204\122\006\136\003\121\375\145\160}{subsection.4.5}% 25
\BOOKMARK [3][-]{subsubsection.4.5.2}{\376\377\171\273\145\143\166\204\140\305\121\265}{subsection.4.5}% 26
\BOOKMARK [3][-]{subsubsection.4.5.3}{\376\377\217\336\176\355\166\204\140\305\121\265}{subsection.4.5}% 27
\BOOKMARK [2][-]{subsection.4.6}{\376\377\000m\000i\000n\000\173\000\040\000X\000\040\000,\000\040\000Y\000\040\000\175\000,\000\040\000m\000a\000x\000\173\000\040\000X\000,\000\040\000Y\000\175\000\040\166\204\154\102\211\343}{section.4}% 28
\BOOKMARK [2][-]{subsection.4.7}{\376\377\147\141\116\366\151\202\163\207\000\040\000i\000n\000\040\000r\000a\000n\000d\000o\000m\000\040\000v\000e\000c\000t\000o\000r}{section.4}% 29
\BOOKMARK [3][-]{subsubsection.4.7.1}{\376\377\173\054\116\000\220\350\122\006}{subsection.4.7}% 30
\BOOKMARK [3][-]{subsubsection.4.7.2}{\376\377\123\346\116\000\116\052\220\350\122\006}{subsection.4.7}% 31
\BOOKMARK [1][-]{section.5}{\376\377\176\323\147\137}{}% 32
