\BOOKMARK [1][-]{section.1}{\376\377\000w\000h\000a\000t\000\040\000i\000s\000\040\000d\000i\000v\000i\000d\000e\000\040\000a\000n\000d\000\040\000c\000o\000n\000q\000u\000e\000r\000?}{}% 1
\BOOKMARK [1][-]{section.2}{\376\377\143\222\136\217\154\325}{}% 2
\BOOKMARK [2][-]{subsection.2.1}{\376\377\000t\000h\000e\000\040\000c\000l\000a\000s\000s\000i\000f\000i\000c\000a\000t\000i\000o\000n\000\040\000o\000f\000\040\000o\000r\000d\000e\000r\000i\000n\000g\000\040\000a\000l\000g\000o\000r\000i\000t\000h\000m\000s}{section.2}% 3
\BOOKMARK [2][-]{subsection.2.2}{\376\377\000m\000e\000r\000g\000e\000\040\000s\000o\000r\000t}{section.2}% 4
\BOOKMARK [3][-]{subsubsection.2.2.1}{\376\377\000c\000o\000d\000e}{subsection.2.2}% 5
\BOOKMARK [3][-]{subsubsection.2.2.2}{\376\377\000a\000n\000a\000l\000y\000s\000i\000s}{subsection.2.2}% 6
\BOOKMARK [2][-]{subsection.2.3}{\376\377\137\353\220\037\143\222\136\217}{section.2}% 7
\BOOKMARK [3][-]{subsubsection.2.3.1}{\376\377\000t\000h\000e\000\040\000c\000o\000d\000e}{subsection.2.3}% 8
\BOOKMARK [3][-]{subsubsection.2.3.2}{\376\377\000t\000h\000e\000\040\000t\000i\000m\000e\000\040\000c\000o\000m\000p\000l\000e\000x\000i\000t\000y\000\040\000a\000n\000a\000l\000y\000s\000i\000s}{subsection.2.3}% 9
\BOOKMARK [3][-]{subsubsection.2.3.3}{\376\377\000r\000a\000n\000d\000o\000m\000\040\000q\000u\000i\000c\000k\000\040\000s\000o\000r\000t}{subsection.2.3}% 10
\BOOKMARK [2][-]{subsection.2.4}{\376\377\000t\000h\000e\000\040\000l\000o\000w\000e\000r\000\040\000b\000o\000u\000n\000d\000\040\000o\000f\000\040\000s\000o\000r\000t\000\040\000p\000r\000o\000b\000l\000e\000m}{section.2}% 11
\BOOKMARK [1][-]{section.3}{\376\377\000M\000A\000X\000\040\000a\000n\000d\000\040\000M\000I\000N\000\040\225\356\230\230}{}% 12
\BOOKMARK [2][-]{subsection.3.1}{\376\377\173\227\154\325\0001\000,\000\040\116\015\117\177\165\050\220\022\137\122\145\271\172\013}{section.3}% 13
\BOOKMARK [2][-]{subsection.3.2}{\376\377\173\227\154\325\0002\000,\000\040\117\177\165\050\220\022\137\122\145\271\172\013}{section.3}% 14
\BOOKMARK [1][-]{section.4}{\376\377\220\011\142\351\116\055\117\115\145\160}{}% 15
\BOOKMARK [2][-]{subsection.4.1}{\376\377\225\356\230\230\143\317\217\360}{section.4}% 16
\BOOKMARK [2][-]{subsection.4.2}{\376\377\173\227\154\325\213\276\213\241}{section.4}% 17
\BOOKMARK [2][-]{subsection.4.3}{\376\377\117\052\116\343\170\274}{section.4}% 18
\BOOKMARK [2][-]{subsection.4.4}{\376\377\000s\000e\000l\000e\000c\000t\000\040\166\204\116\000\116\052\117\060\213\241}{section.4}% 19
\BOOKMARK [1][-]{section.5}{\376\377\131\047\145\160\116\130\154\325}{}% 20
\BOOKMARK [2][-]{subsection.5.1}{\376\377\225\356\230\230\143\317\217\360}{section.5}% 21
\BOOKMARK [2][-]{subsection.5.2}{\376\377\173\200\123\125\166\204\000\040\000D\000i\000v\000i\000d\000e\000\040\000a\000n\000d\000\040\000C\000o\000n\000q\000u\000e\000r\000\040\173\227\154\325}{section.5}% 22
\BOOKMARK [2][-]{subsection.5.3}{\376\377\145\071\217\333\166\204\000D\000i\000v\000i\000d\000e\000\040\000a\000n\000d\000\040\000C\000o\000n\000q\000u\000e\000r\000\040\173\227\154\325}{section.5}% 23
\BOOKMARK [2][-]{subsection.5.4}{\376\377\140\035\200\003}{section.5}% 24
\BOOKMARK [1][-]{section.6}{\376\377\173\200\123\125\166\204\000C\000h\000e\000s\000s\000B\000o\000a\000r\000d\225\356\230\230}{}% 25
\BOOKMARK [2][-]{subsection.6.1}{\376\377\225\356\230\230\143\317\217\360}{section.6}% 26
\BOOKMARK [2][-]{subsection.6.2}{\376\377\173\227\154\325\213\276\213\241}{section.6}% 27
\BOOKMARK [2][-]{subsection.6.3}{\376\377\173\227\154\325\213\276\213\241\166\204\117\052\173\227\154\325}{section.6}% 28
\BOOKMARK [2][-]{subsection.6.4}{\376\377\131\015\147\102\136\246\122\006\147\220}{section.6}% 29
