\BOOKMARK [1][-]{section.1}{\376\377\144\034\175\042\157\053\214\010}{}% 1
\BOOKMARK [1][-]{section.2}{\376\377\136\177\136\246\117\030\121\110\144\034\175\042\124\214\155\361\136\246\117\030\121\110\144\034\175\042}{}% 2
\BOOKMARK [2][-]{subsection.2.1}{\376\377\000B\000F\000S}{section.2}% 3
\BOOKMARK [2][-]{subsection.2.2}{\376\377\000D\000F\000S}{section.2}% 4
\BOOKMARK [1][-]{section.3}{\376\377\144\034\175\042\166\204\117\030\123\026}{}% 5
\BOOKMARK [2][-]{subsection.3.1}{\376\377\162\054\134\161\154\325}{section.3}% 6
\BOOKMARK [2][-]{subsection.3.2}{\376\377\000B\000e\000s\000t\000-\000F\000i\000r\000s\000t\000\040\144\034\175\042}{section.3}% 7
\BOOKMARK [2][-]{subsection.3.3}{\376\377\122\006\145\057\165\114\226\120}{section.3}% 8
\BOOKMARK [1][-]{section.4}{\376\377\122\152\147\235\145\271\154\325\116\016\116\272\124\130\133\211\143\222\225\356\230\230}{}% 9
\BOOKMARK [2][-]{subsection.4.1}{\376\377\225\356\230\230\122\035\153\145\131\004\164\006}{section.4}% 10
\BOOKMARK [3][-]{subsubsection.4.1.1}{\376\377\225\356\230\230\143\317\217\360}{subsection.4.1}% 11
\BOOKMARK [3][-]{subsubsection.4.1.2}{\376\377\154\102\211\343\140\035\215\357}{subsection.4.1}% 12
\BOOKMARK [3][-]{subsubsection.4.1.3}{\376\377\000t\000o\000p\000o\143\222\136\217}{subsection.4.1}% 13
\BOOKMARK [2][-]{subsection.4.2}{\376\377\173\227\154\325\166\204\117\030\123\026\000:\000\040\224\210\133\371\116\343\116\367\167\351\226\065\120\132\121\372\166\204\117\030\123\026}{section.4}% 14
\BOOKMARK [1][-]{section.5}{\376\377\145\305\210\114\125\106\225\356\230\230}{}% 15
\BOOKMARK [2][-]{subsection.5.1}{\376\377\225\356\230\230\143\317\217\360}{section.5}% 16
\BOOKMARK [2][-]{subsection.5.2}{\376\377\154\102\211\343\140\035\215\357}{section.5}% 17
\BOOKMARK [2][-]{subsection.5.3}{\376\377\131\202\117\125\146\364\145\260\135\346\133\120\150\021\166\204\116\013\165\114}{section.5}% 18
\BOOKMARK [2][-]{subsection.5.4}{\376\377\131\202\117\125\146\364\145\260\123\363\133\120\150\021\166\204\116\013\165\114}{section.5}% 19
\BOOKMARK [2][-]{subsection.5.5}{\376\377\133\236\117\213}{section.5}% 20
\BOOKMARK [1][-]{section.6}{\376\377\000A\000*\173\227\154\325}{}% 21
\BOOKMARK [2][-]{subsection.6.1}{\376\377\116\343\116\367\121\375\145\160\000f\000*}{section.6}% 22
\BOOKMARK [2][-]{subsection.6.2}{\376\377\126\376\211\343\217\307\172\013}{section.6}% 23
\BOOKMARK [2][-]{subsection.6.3}{\376\377\173\227\154\325\153\143\170\156\140\047\213\301\146\016}{section.6}% 24
