\BOOKMARK [1][-]{section.1}{\376\377\137\025\121\145}{}% 1
\BOOKMARK [2][-]{subsection.1.1}{\376\377\000w\000h\000a\000t\000\040\000i\000s\000\040\000F\000i\000b\000o\000n\000a\000c\000c\000i\000\040\000s\000e\000q\000u\000e\000n\000c\000e}{section.1}% 2
\BOOKMARK [2][-]{subsection.1.2}{\376\377\000w\000h\000a\000t\000\040\000i\000s\000\040\000d\000y\000n\000a\000m\000i\000c\000\040\000p\000r\000o\000g\000r\000a\000m\000m\000i\000n\000g}{section.1}% 3
\BOOKMARK [1][-]{section.2}{\376\377\122\250\140\001\211\304\122\022\166\204\116\000\116\233\127\372\147\054\123\237\164\006}{}% 4
\BOOKMARK [1][-]{section.3}{\376\377\167\351\226\065\224\376\116\130\154\325\225\356\230\230}{}% 5
\BOOKMARK [2][-]{subsection.3.1}{\376\377\225\356\230\230\143\317\217\360}{section.3}% 6
\BOOKMARK [2][-]{subsection.3.2}{\376\377\122\006\147\220\117\030\123\026\211\343\166\204\176\323\147\204}{section.3}% 7
\BOOKMARK [2][-]{subsection.3.3}{\376\377\220\022\137\122\127\060\133\232\116\111\147\000\117\030\120\074\166\204\116\343\116\367}{section.3}% 8
\BOOKMARK [2][-]{subsection.3.4}{\376\377\213\241\173\227\116\343\116\367}{section.3}% 9
\BOOKMARK [2][-]{subsection.3.5}{\376\377\117\052\116\343\170\001}{section.3}% 10
\BOOKMARK [2][-]{subsection.3.6}{\376\377\203\267\123\326\147\204\220\040\147\000\117\030\211\343\166\204\117\341\140\157}{section.3}% 11
\BOOKMARK [2][-]{subsection.3.7}{\376\377\173\227\154\325\131\015\147\102\140\047}{section.3}% 12
\BOOKMARK [1][-]{section.4}{\376\377\147\000\225\177\121\154\121\161\133\120\136\217\122\027}{}% 13
\BOOKMARK [2][-]{subsection.4.1}{\376\377\225\356\230\230\143\317\217\360}{section.4}% 14
\BOOKMARK [2][-]{subsection.4.2}{\376\377\122\006\147\220\117\030\123\026\211\343\166\204\176\323\147\204}{section.4}% 15
\BOOKMARK [2][-]{subsection.4.3}{\376\377\170\156\133\232\220\022\137\122\211\343}{section.4}% 16
\BOOKMARK [2][-]{subsection.4.4}{\376\377\147\204\220\040\147\000\117\030\211\343}{section.4}% 17
\BOOKMARK [2][-]{subsection.4.5}{\376\377\117\052\116\343\170\001}{section.4}% 18
\BOOKMARK [2][-]{subsection.4.6}{\376\377\131\015\147\102\136\246\122\006\147\220}{section.4}% 19
\BOOKMARK [2][-]{subsection.4.7}{\376\377\147\000\117\030\211\343\166\204\147\204\220\040}{section.4}% 20
\BOOKMARK [1][-]{section.5}{\376\377\0000\000-\0001\000\040\200\314\123\005\225\356\230\230}{}% 21
\BOOKMARK [2][-]{subsection.5.1}{\376\377\225\356\230\230\143\317\217\360\000,\000\040\173\046\123\367\176\246\133\232}{section.5}% 22
\BOOKMARK [2][-]{subsection.5.2}{\376\377\122\006\147\220\117\030\123\026\211\343\166\204\176\323\147\204}{section.5}% 23
\BOOKMARK [3][-]{subsubsection.5.2.1}{\376\377\116\000\116\052\134\035\213\325}{subsection.5.2}% 24
\BOOKMARK [3][-]{subsubsection.5.2.2}{\376\377\153\143\211\343}{subsection.5.2}% 25
\BOOKMARK [2][-]{subsection.5.3}{\376\377\117\030\123\026\133\120\176\323\147\204}{section.5}% 26
\BOOKMARK [2][-]{subsection.5.4}{\376\377\220\022\137\122\127\060\133\232\116\111\147\000\117\030\120\074\166\204\116\343\116\367}{section.5}% 27
\BOOKMARK [2][-]{subsection.5.5}{\376\377\117\052\116\343\170\001}{section.5}% 28
\BOOKMARK [2][-]{subsection.5.6}{\376\377\203\267\123\326\147\000\117\030\120\074\137\227\117\341\140\157}{section.5}% 29
\BOOKMARK [1][-]{section.6}{\376\377\147\000\117\030\116\214\123\311\144\034\175\042\150\021}{}% 30
\BOOKMARK [2][-]{subsection.6.1}{\376\377\225\356\230\230\143\317\217\360}{section.6}% 31
\BOOKMARK [2][-]{subsection.6.2}{\376\377\220\022\137\122\211\343\166\204\176\323\147\204}{section.6}% 32
\BOOKMARK [2][-]{subsection.6.3}{\376\377\201\352\136\225\124\021\116\012\127\060\213\241\173\227\000\040\000o\000p\000t\000i\000m\000a\000l\000\040\000s\000o\000l\000u\000t\000i\000o\000n}{section.6}% 33
\BOOKMARK [2][-]{subsection.6.4}{\376\377\117\052\116\343\170\001}{section.6}% 34
\BOOKMARK [2][-]{subsection.6.5}{\376\377\203\267\123\326\147\000\117\030\120\074\137\227\117\341\140\157}{section.6}% 35
\BOOKMARK [1][-]{section.7}{\376\377\000S\000u\000m\000m\000a\000r\000y}{}% 36
