\BOOKMARK [1][-]{section.1}{\376\377\000R\000I\000S\000C\000-\000V\000\040\116\313\176\315}{}% 1
\BOOKMARK [2][-]{subsection.1.1}{\376\377\116\300\116\110\146\057\147\072\126\150\143\007\116\344\000?}{section.1}% 2
\BOOKMARK [2][-]{subsection.1.2}{}{section.1}% 3
\BOOKMARK [2][-]{subsection.1.3}{}{section.1}% 4
\BOOKMARK [2][-]{subsection.1.4}{\376\377\000r\000i\000s\000c\000-\000v\000\040\116\313\176\315}{section.1}% 5
\BOOKMARK [3][-]{subsubsection.1.4.1}{\376\377\000i\000m\000m}{subsection.1.4}% 6
\BOOKMARK [3][-]{subsubsection.1.4.2}{\376\377\000a\000d\000d}{subsection.1.4}% 7
\BOOKMARK [3][-]{subsubsection.1.4.3}{\376\377\000s\000u\000b}{subsection.1.4}% 8
\BOOKMARK [3][-]{subsubsection.1.4.4}{\376\377\000m\000u\000l}{subsection.1.4}% 9
\BOOKMARK [3][-]{subsubsection.1.4.5}{\376\377\000d\000i\000v\000\040\000r\000e\000m}{subsection.1.4}% 10
\BOOKMARK [3][-]{subsubsection.1.4.6}{\376\377\000a\000n\000d\000,\000\040\000o\000r\000,\000\040\000x\000o\000r}{subsection.1.4}% 11
\BOOKMARK [3][-]{subsubsection.1.4.7}{\376\377\000s\000h\000i\000f\000t\000\040\000l\000e\000f\000t\000\040\000\050\000r\000i\000g\000h\000t\000\051\000:\000\040\000s\000l\000\050\000r\000\051}{subsection.1.4}% 12
\BOOKMARK [3][-]{subsubsection.1.4.8}{\376\377\000s\000h\000a\000m\000t}{subsection.1.4}% 13
\BOOKMARK [3][-]{subsubsection.1.4.9}{\376\377\000a\000r\000i\000t\000h\000m\000e\000t\000i\000c\000\040\000s\000h\000i\000f\000t}{subsection.1.4}% 14
\BOOKMARK [3][-]{subsubsection.1.4.10}{\376\377\000s\000,\000\040\000l}{subsection.1.4}% 15
\BOOKMARK [3][-]{subsubsection.1.4.11}{\376\377\000a\000d\000d\000r\000e\000s\000s\000\040\000a\000n\000d\000\040\000w\000o\000r\000d\000\040\000a\000n\000d\000\040\000b\000y\000t\000e}{subsection.1.4}% 16
\BOOKMARK [3][-]{subsubsection.1.4.12}{\376\377\000s\000l\000t}{subsection.1.4}% 17
\BOOKMARK [3][-]{subsubsection.1.4.13}{\376\377\000b\000e\000q\000\040\000b\000n\000e\000\040\000b\000l\000t\000\040\000b\000g\000e}{subsection.1.4}% 18
\BOOKMARK [3][-]{subsubsection.1.4.14}{\376\377\000j\000u\000m\000p\000\040\143\007\116\344}{subsection.1.4}% 19
\BOOKMARK [3][-]{subsubsection.1.4.15}{\376\377\000l\000a\000\040\000c\000o\000m\000m\000a\000n\000d}{subsection.1.4}% 20
\BOOKMARK [3][-]{subsubsection.1.4.16}{\376\377\000H\000o\000w\000\040\000t\000o\000\040\000w\000r\000i\000t\000e\000\040\000a\000\040\000l\000o\000o\000p}{subsection.1.4}% 21
\BOOKMARK [3][-]{subsubsection.1.4.17}{\376\377\000B\000a\000s\000i\000c\000\040\000B\000l\000o\000c\000k}{subsection.1.4}% 22
\BOOKMARK [3][-]{subsubsection.1.4.18}{\376\377\000F\000u\000n\000c\000t\000i\000o\000n\000\040\000a\000n\000d\000\040\000s\000t\000a\000c\000k}{subsection.1.4}% 23
\BOOKMARK [2][-]{subsection.1.5}{\376\377\143\007\116\344\166\204\210\150\171\072}{section.1}% 24
