\BOOKMARK [1][-]{section.1}{\376\377\173\054\126\333\172\340\000\040\000c\000p\000u\000\040\166\204\176\304\142\020}{}% 1
\BOOKMARK [1][-]{section.2}{}{}% 2
\BOOKMARK [1][-]{section.3}{\376\377\151\202\217\360}{}% 3
\BOOKMARK [2][-]{subsection.3.1}{\376\377\000c\000p\000u\000\040\166\204\147\204\220\040\154\325}{section.3}% 4
\BOOKMARK [2][-]{subsection.3.2}{\376\377\000P\000C}{section.3}% 5
\BOOKMARK [2][-]{subsection.3.3}{\376\377\000A\000L\000U}{section.3}% 6
\BOOKMARK [2][-]{subsection.3.4}{\376\377\000C\000A\000C\000H\000E}{section.3}% 7
\BOOKMARK [3][-]{subsubsection.3.4.1}{\376\377\000C\000a\000c\000h\000e\000\040\173\200\116\313}{subsection.3.4}% 8
\BOOKMARK [3][-]{subsubsection.3.4.2}{\376\377\000S\000R\000A\000M}{subsection.3.4}% 9
\BOOKMARK [3][-]{subsubsection.3.4.3}{\376\377\000C\000a\000c\000h\000e\000\040\166\204\131\032\176\247\136\372\147\204}{subsection.3.4}% 10
\BOOKMARK [2][-]{subsection.3.5}{\376\377\000M\000e\000m\000o\000r\000y}{section.3}% 11
\BOOKMARK [3][-]{subsubsection.3.5.1}{\376\377\000T\000O\000D\000O\000\040\000d\000e\000s\000c\000r\000i\000b\000e\000\040\000t\000h\000e\000\040\000m\000e\000m\000o\000r\000y}{subsection.3.5}% 12
\BOOKMARK [1][-]{section.4}{\376\377\000i\000n\000t\000e\000r\000l\000u\000d\000e}{}% 13
\BOOKMARK [2][-]{subsection.4.1}{\376\377\000H\000a\000v\000a\000r\000d\000\040\000a\000r\000c\000h\000i\000t\000e\000c\000t\000u\000r\000e\000\040\000a\000n\000d\000\040\000P\000r\000i\000n\000c\000e\000t\000o\000n\000\040\000a\000r\000c\000h\000i\000t\000e\000c\000t\000u\000r\000e}{section.4}% 14
\BOOKMARK [1][-]{section.5}{\376\377\176\304\116\366\166\204\170\154\116\366\147\204\142\020}{}% 15
\BOOKMARK [2][-]{subsection.5.1}{\376\377\000P\000r\000o\000c\000e\000s\000s\000o\000r\000\040\166\204\147\204\142\020}{section.5}% 16
\BOOKMARK [3][-]{subsubsection.5.1.1}{\376\377\000A\000L\000U\000\040\000R\000e\000g\000i\000s\000t\000e\000r\000\040\000P\000C\000\040\000E\000x\000t\000e\000n\000d\000e\000r}{subsection.5.1}% 17
\BOOKMARK [3][-]{subsubsection.5.1.2}{\376\377\000A\000L\000U}{subsection.5.1}% 18
\BOOKMARK [3][-]{subsubsection.5.1.3}{\376\377\000P\000C}{subsection.5.1}% 19
\BOOKMARK [3][-]{subsubsection.5.1.4}{\376\377\000R\000e\000g\000i\000s\000t\000e\000r}{subsection.5.1}% 20
