\BOOKMARK [1][-]{section.1}{\376\377\000s\000i\000n\000g\000l\000e\000-\000s\000o\000u\000r\000c\000e\000\040\000s\000h\000o\000r\000t\000e\000s\000t\000\040\000p\000a\000t\000h\000\040\000a\000l\000g\000o\000r\000i\000t\000h\000m}{}% 1
\BOOKMARK [2][-]{subsection.1.1}{\376\377\225\356\230\230\143\317\217\360}{section.1}% 2
\BOOKMARK [2][-]{subsection.1.2}{\376\377\116\000\116\233\140\047\215\050}{section.1}% 3
\BOOKMARK [2][-]{subsection.1.3}{\376\377\147\176\137\033}{section.1}% 4
\BOOKMARK [2][-]{subsection.1.4}{\376\377\000B\000e\000l\000l\000m\000a\000n\000-\000F\000o\000r\000d\000\040\000a\000l\000g\000o\000r\000i\000t\000h\000m}{section.1}% 5
\BOOKMARK [1][-]{section.2}{\376\377\000i\000n\000t\000r\000o\000\040\000a\000n\000d\000\040\000p\000r\000e\000q\000u\000i\000s\000i\000t\000i\000o\000n}{}% 6
\BOOKMARK [2][-]{subsection.2.1}{\376\377\000N\000o\000t\000a\000t\000i\000o\000n}{section.2}% 7
\BOOKMARK [2][-]{subsection.2.2}{\376\377\000s\000o\000m\000e\000\040\000v\000a\000r\000i\000a\000n\000t\000s\000\040\000o\000f\000\040\000s\000i\000n\000g\000l\000e\000-\000s\000o\000u\000r\000c\000e\000\040\000s\000h\000o\000r\000t\000e\000s\000t\000\040\000p\000a\000t\000h\000s}{section.2}% 8
\BOOKMARK [2][-]{subsection.2.3}{\376\377\000o\000p\000t\000i\000m\000a\000l\000\040\000s\000t\000r\000u\000c\000t\000u\000r\000e\000\040\000o\000f\000\040\000s\000h\000o\000r\000t\000e\000s\000t\000\040\000p\000a\000t\000h\000s}{section.2}% 9
\BOOKMARK [2][-]{subsection.2.4}{\376\377\000r\000e\000p\000r\000e\000s\000e\000n\000t\000a\000t\000i\000o\000n\000\040\000o\000f\000\040\000s\000h\000o\000r\000t\000e\000s\000t\000\040\000p\000a\000t\000h\000s}{section.2}% 10
\BOOKMARK [2][-]{subsection.2.5}{\376\377\000r\000e\000l\000a\000x\000a\000t\000i\000o\000n}{section.2}% 11
\BOOKMARK [3][-]{subsubsection.2.5.1}{\376\377\000i\000n\000i\000t\000i\000a\000l\000i\000z\000i\000n\000g\000\040\000s\000i\000n\000g\000l\000e\000\040\000s\000o\000u\000r\000c\000e}{subsection.2.5}% 12
\BOOKMARK [3][-]{subsubsection.2.5.2}{\376\377\000r\000e\000l\000a\000x\000a\000t\000i\000o\000n\000:\000\040\000c\000o\000d\000e\000\040\000a\000n\000d\000\040\000d\000e\000f\000i\000n\000i\000t\000i\000o\000n}{subsection.2.5}% 13
\BOOKMARK [2][-]{subsection.2.6}{\376\377\116\000\116\233\140\047\215\050}{section.2}% 14
\BOOKMARK [2][-]{subsection.2.7}{\376\377\000a\000n\000\040\000o\000u\000t\000l\000i\000n\000e\000\040\000c\000o\000p\000i\000e\000d\000\040\000f\000r\000o\000m\000\040\000t\000e\000x\000t\000b\000o\000o\000k}{section.2}% 15
\BOOKMARK [1][-]{section.3}{\376\377\000B\000e\000l\000l\000m\000a\000n\000-\000F\000o\000r\000d\000\040\000a\000l\000g\000o\000r\000i\000t\000h\000m}{}% 16
\BOOKMARK [2][-]{subsection.3.1}{\376\377\000a\000n\000\040\000i\000n\000t\000r\000o\000d}{section.3}% 17
\BOOKMARK [2][-]{subsection.3.2}{\376\377\000a\000l\000g\000o\000r\000i\000t\000h\000m}{section.3}% 18
\BOOKMARK [2][-]{subsection.3.3}{\376\377\000n\000e\000g\000a\000t\000i\000v\000e\000\040\000w\000e\000i\000g\000h\000t\000e\000d\000\040\000c\000y\000c\000l\000e\000s}{section.3}% 19
\BOOKMARK [2][-]{subsection.3.4}{\376\377\000t\000h\000e\000\040\000p\000r\000f\000\040\000o\000f\000\040\000a\000l\000g\000o\000r\000i\000t\000h\000m}{section.3}% 20
\BOOKMARK [2][-]{subsection.3.5}{\376\377\000s\000o\000m\000e\000\040\000b\000l\000a\000h\000b\000l\000a\000h}{section.3}% 21
\BOOKMARK [1][-]{section.4}{\376\377\000D\000i\000j\000k\000s\000t\000r\000a\000\040\000a\000l\000g\000o\000r\000i\000t\000h\000m}{}% 22
\BOOKMARK [2][-]{subsection.4.1}{\376\377\000A\000\040\000r\000e\000v\000i\000e\000w}{section.4}% 23
\BOOKMARK [2][-]{subsection.4.2}{\376\377\000a\000l\000g\000o\000r\000i\000t\000h\000m}{section.4}% 24
\BOOKMARK [2][-]{subsection.4.3}{\376\377\000T\000h\000e\000\040\000p\000r\000f\000\040\000o\000f\000\040\000a\000l\000g\000o\000r\000i\000t\000h\000m}{section.4}% 25
\BOOKMARK [2][-]{subsection.4.4}{\376\377\000t\000h\000e\000\040\000a\000n\000a\000l\000y\000s\000i\000s\000\040\000o\000f\000\040\000D\000i\000j\000k\000s\000t\000r\000a\000\040\000a\000l\000g\000o\000r\000i\000t\000h\000m}{section.4}% 26
\BOOKMARK [1][-]{section.5}{\376\377\000a\000l\000l\000-\000p\000a\000i\000r\000s\000\040\000s\000h\000o\000r\000t\000e\000s\000t\000-\000p\000a\000t\000h\000s\000\040\000a\000l\000g\000o\000r\000i\000t\000h\000m}{}% 27
\BOOKMARK [2][-]{subsection.5.1}{\376\377\000t\000h\000e\000\040\000m\000a\000t\000r\000i\000x\000\040\000a\000n\000d\000\040\000g\000r\000a\000p\000h}{section.5}% 28
\BOOKMARK [2][-]{subsection.5.2}{\376\377\122\115\177\156\135\345\117\134}{section.5}% 29
\BOOKMARK [3][-]{subsubsection.5.2.1}{\376\377\000A\000\040\000c\000h\000a\000p\000t\000e\000r\000\040\000o\000u\000t\000l\000i\000n\000e\000\040\000c\000o\000p\000i\000e\000d\000\040\000f\000r\000o\000m\000\040\000t\000h\000e\000\040\000b\000o\000o\000k}{subsection.5.2}% 30
\BOOKMARK [3][-]{subsubsection.5.2.2}{\376\377\000s\000o\000m\000e\000\040\000c\000o\000n\000v\000e\000n\000t\000i\000o\000n\000s}{subsection.5.2}% 31
\BOOKMARK [2][-]{subsection.5.3}{\376\377\000A\000n\000\040\000a\000p\000p\000r\000o\000u\000c\000h}{section.5}% 32
\BOOKMARK [2][-]{subsection.5.4}{\376\377\000t\000h\000e\000\040\000F\000l\000o\000y\000d\000\040\000a\000l\000g\000o\000r\000i\000t\000h\000m}{section.5}% 33
\BOOKMARK [2][-]{subsection.5.5}{\376\377\203\267\123\326\147\204\220\040\147\000\117\030\211\343\166\204\117\341\140\157\000,\000\040\147\204\220\040\147\000\117\030\211\343}{section.5}% 34
\BOOKMARK [1][-]{section.6}{\376\377\000m\000f}{}% 35
\BOOKMARK [2][-]{subsection.6.1}{\376\377\000s\000o\000m\000e\000\040\000d\000e\000f\000i\000n\000i\000t\000i\000o\000n\000\040\000a\000b\000o\000u\000t\000\040\000f\000l\000o\000w}{section.6}% 36
\BOOKMARK [2][-]{subsection.6.2}{\376\377\000r\000e\000s\000i\000d\000u\000a\000l\000\040\000n\000e\000t\000w\000o\000r\000k\000s}{section.6}% 37
\BOOKMARK [2][-]{subsection.6.3}{\376\377\000a\000u\000g\000m\000e\000n\000t\000e\000d\000\040\000f\000l\000o\000w}{section.6}% 38
\BOOKMARK [2][-]{subsection.6.4}{\376\377\000a\000u\000g\000m\000e\000n\000t\000i\000n\000g\000\040\000p\000a\000t\000h\000s}{section.6}% 39
\BOOKMARK [2][-]{subsection.6.5}{\376\377\000c\000u\000t\000\040\000o\000f\000\040\000f\000l\000o\000w\000\040\000n\000e\000t\000w\000o\000r\000k\000s}{section.6}% 40
\BOOKMARK [2][-]{subsection.6.6}{\376\377\000M\000a\000x\000\040\000f\000l\000o\000w\000\040\000m\000i\000n\000\040\000c\000u\000t\000\040\000t\000h\000e\000o\000r\000e\000m}{section.6}% 41
\BOOKMARK [2][-]{subsection.6.7}{\376\377\000F\000o\000r\000d\000-\000F\000u\000l\000k\000e\000r\000s\000o\000n\000\040\000a\000l\000g\000o\000r\000i\000t\000h\000m}{section.6}% 42
\BOOKMARK [2][-]{subsection.6.8}{\376\377\000t\000h\000e\000\040\000t\000i\000m\000e\000\040\000c\000o\000m\000p\000l\000e\000x\000i\000t\000y\000\040\000o\000f\000\040\000F\000o\000r\000d\000-\000F\000u\000l\000k\000e\000r\000s\000o\000n\000\040\000a\000l\000g\000o\000r\000i\000t\000h\000m}{section.6}% 43
\BOOKMARK [1][-]{section.7}{\376\377\000M\000a\000x\000i\000m\000u\000m\000\040\000b\000i\000p\000a\000r\000t\000i\000t\000e\000\040\000m\000a\000t\000c\000h\000i\000n\000g}{}% 44
\BOOKMARK [2][-]{subsection.7.1}{\376\377\000s\000o\000m\000e\000\040\000d\000e\000f\000i\000n\000i\000t\000i\000o\000n\000s}{section.7}% 45
\BOOKMARK [2][-]{subsection.7.2}{\376\377\000a\000l\000g\000o\000r\000i\000t\000h\000m}{section.7}% 46
\BOOKMARK [2][-]{subsection.7.3}{\376\377\000a\000p\000p\000l\000i\000c\000a\000t\000i\000o\000n}{section.7}% 47
