\BOOKMARK [1][-]{section.1}{\376\377\000w\000h\000a\000t\000\040\000i\000s\000\040\000g\000r\000e\000e\000d\000y\000\040\000a\000l\000g\000o\000r\000i\000t\000h\000m}{}% 1
\BOOKMARK [1][-]{section.2}{\376\377\000t\000h\000e\000\040\000b\000a\000s\000i\000c\000\040\000p\000r\000i\000n\000c\000i\000p\000l\000e\000s\000\040\000o\000f\000\040\000g\000r\000e\000e\000d\000y}{}% 2
\BOOKMARK [2][-]{subsubsection.2.0.1}{\376\377\000t\000h\000e\000\040\000c\000o\000m\000p\000a\000r\000i\000s\000o\000n\000\040\000t\000o\000\040\000d\000p}{section.2}% 3
\BOOKMARK [1][-]{section.3}{\376\377\116\373\122\241\133\211\143\222\225\356\230\230}{}% 4
\BOOKMARK [2][-]{subsection.3.1}{\376\377\225\356\230\230\143\317\217\360}{section.3}% 5
\BOOKMARK [2][-]{subsection.3.2}{\376\377\117\030\123\026\211\343\166\204\176\323\147\204\122\006\147\220}{section.3}% 6
\BOOKMARK [2][-]{subsection.3.3}{\376\377\117\052\116\343\170\001}{section.3}% 7
\BOOKMARK [2][-]{subsection.3.4}{\376\377\131\015\147\102\136\246\122\006\147\220}{section.3}% 8
\BOOKMARK [1][-]{section.4}{\376\377\124\310\131\053\146\374\177\026\170\001\225\356\230\230}{}% 9
\BOOKMARK [2][-]{subsection.4.1}{\376\377\177\026\170\001\225\356\230\230}{section.4}% 10
\BOOKMARK [2][-]{subsection.4.2}{\376\377\124\310\131\053\146\374\177\026\170\001}{section.4}% 11
\BOOKMARK [2][-]{subsection.4.3}{\376\377\225\356\230\230\143\317\217\360}{section.4}% 12
\BOOKMARK [2][-]{subsection.4.4}{\376\377\173\227\154\325}{section.4}% 13
\BOOKMARK [2][-]{subsection.4.5}{\376\377\173\227\154\325\131\015\147\102\136\246\122\006\147\220}{section.4}% 14
\BOOKMARK [2][-]{subsection.4.6}{\376\377\153\143\170\156\140\047\213\301\146\016}{section.4}% 15
\BOOKMARK [1][-]{section.5}{\376\377\147\000\134\017\165\037\142\020\150\021}{}% 16
\BOOKMARK [2][-]{subsection.5.1}{\376\377\225\356\230\230\143\317\217\360}{section.5}% 17
\BOOKMARK [2][-]{subsection.5.2}{\376\377\000g\000r\000a\000p\000h\000\040\000c\000u\000t}{section.5}% 18
\BOOKMARK [2][-]{subsection.5.3}{\376\377\000P\000r\000i\000m\000\040\173\227\154\325}{section.5}% 19
\BOOKMARK [3][-]{subsubsection.5.3.1}{\376\377\126\376\211\343\217\307\172\013}{subsection.5.3}% 20
\BOOKMARK [3][-]{subsubsection.5.3.2}{\376\377\117\052\116\343\170\001}{subsection.5.3}% 21
\BOOKMARK [3][-]{subsubsection.5.3.3}{\376\377\153\143\170\156\140\047\213\301\146\016}{subsection.5.3}% 22
\BOOKMARK [2][-]{subsection.5.4}{\376\377\000K\000r\000u\000s\000k\000a\000l\000\040\173\227\154\325}{section.5}% 23
\BOOKMARK [3][-]{subsubsection.5.4.1}{\376\377\117\052\116\343\170\001}{subsection.5.4}% 24
\BOOKMARK [3][-]{subsubsection.5.4.2}{\376\377\131\015\147\102\136\246\122\006\147\220}{subsection.5.4}% 25
